1	compUnit#int	reduction
2	int#int	move
3	bType#Ident	reduction
4	Ident#Ident	move
5	=#=	move
6	IntConst#IntConst	move
7	number#;	reduction
8	primaryExp#;	reduction
9	unaryExp#;	reduction
10	mulExp#;	reduction
11	addExp#;	reduction
12	exp#;	reduction
13	initVal#;	reduction
14	varDef#;	reduction
15	varDefs#;	reduction
16	;#;	move
17	varDecl#int	reduction
18	decl#int	reduction
19	compUnit#int	reduction
20	int#int	move
21	funcType#Ident	reduction
22	Ident#Ident	move
23	(#(	move
24	)#)	move
25	{#{	move
26	blockItems#Ident	reduction
27	Ident#Ident	move
28	lVal#=	reduction
29	=#=	move
30	IntConst#IntConst	move
31	number#;	reduction
32	primaryExp#;	reduction
33	unaryExp#;	reduction
34	mulExp#;	reduction
35	addExp#;	reduction
36	exp#;	reduction
37	;#;	move
38	stmt#return	reduction
39	blockItem#return	reduction
40	blockItems#return	reduction
41	return#return	move
42	IntConst#IntConst	move
43	number#;	reduction
44	primaryExp#;	reduction
45	unaryExp#;	reduction
46	mulExp#;	reduction
47	addExp#;	reduction
48	exp#;	reduction
49	;#;	move
50	stmt#}	reduction
51	blockItem#}	reduction
52	blockItems#}	reduction
53	}#}	move
54	block#EOF	reduction
55	funcDef#EOF	reduction
56	compUnit#EOF	reduction
57	Program#EOF	reduction
58	Program#EOF	accept
